[0703/015543.056:ERROR:process_reader_win.cc(151)] SuspendThread: Access is denied. (0x5)
[0703/015543.057:ERROR:process_reader_win.cc(123)] NtOpenThread: {Access Denied} A process has requested access to an object, but has not been granted those access rights. (0xc0000022)
[0703/015543.057:ERROR:exception_snapshot_win.cc(98)] thread ID 6536 not found in process
[0703/015543.079:ERROR:process_reader_win.cc(123)] NtOpenThread: {Access Denied} A process has requested access to an object, but has not been granted those access rights. (0xc0000022)
[0703/015543.079:ERROR:exception_snapshot_win.cc(98)] thread ID 11972 not found in process
[0708/015142.332:ERROR:process_reader_win.cc(151)] SuspendThread: Access is denied. (0x5)
[0708/015142.333:ERROR:process_reader_win.cc(151)] SuspendThread: Access is denied. (0x5)
[0708/015142.333:ERROR:process_reader_win.cc(123)] NtOpenThread: {Access Denied} A process has requested access to an object, but has not been granted those access rights. (0xc0000022)
[0708/015142.334:ERROR:exception_snapshot_win.cc(98)] thread ID 6540 not found in process
[0708/015142.355:ERROR:process_reader_win.cc(151)] SuspendThread: Access is denied. (0x5)
[0708/015142.355:ERROR:process_reader_win.cc(151)] SuspendThread: Access is denied. (0x5)
[0708/015142.355:ERROR:process_reader_win.cc(151)] SuspendThread: Access is denied. (0x5)
[0708/015142.356:ERROR:process_reader_win.cc(151)] SuspendThread: Access is denied. (0x5)
[0708/015142.356:ERROR:process_reader_win.cc(123)] NtOpenThread: {Access Denied} A process has requested access to an object, but has not been granted those access rights. (0xc0000022)
[0708/015142.356:ERROR:exception_snapshot_win.cc(98)] thread ID 7092 not found in process
[0709/015155.518:ERROR:process_reader_win.cc(123)] NtOpenThread: {Access Denied} A process has requested access to an object, but has not been granted those access rights. (0xc0000022)
[0709/015155.519:ERROR:exception_snapshot_win.cc(98)] thread ID 11896 not found in process
[0709/015155.539:ERROR:process_reader_win.cc(123)] NtOpenThread: {Access Denied} A process has requested access to an object, but has not been granted those access rights. (0xc0000022)
[0709/015155.539:ERROR:exception_snapshot_win.cc(98)] thread ID 5656 not found in process
[0710/015147.658:ERROR:process_reader_win.cc(151)] SuspendThread: Access is denied. (0x5)
[0710/015147.659:ERROR:process_reader_win.cc(151)] SuspendThread: Access is denied. (0x5)
[0710/015147.659:ERROR:process_reader_win.cc(123)] NtOpenThread: {Access Denied} A process has requested access to an object, but has not been granted those access rights. (0xc0000022)
[0710/015147.660:ERROR:exception_snapshot_win.cc(98)] thread ID 4700 not found in process
[0710/015147.687:ERROR:process_reader_win.cc(151)] SuspendThread: Access is denied. (0x5)
[0710/015147.687:ERROR:process_reader_win.cc(151)] SuspendThread: Access is denied. (0x5)
[0710/015147.687:ERROR:process_reader_win.cc(151)] SuspendThread: Access is denied. (0x5)
[0710/015147.687:ERROR:process_reader_win.cc(151)] SuspendThread: Access is denied. (0x5)
[0710/015147.687:ERROR:process_reader_win.cc(123)] NtOpenThread: {Access Denied} A process has requested access to an object, but has not been granted those access rights. (0xc0000022)
[0710/015147.687:ERROR:exception_snapshot_win.cc(98)] thread ID 13304 not found in process
[0714/015546.971:ERROR:process_reader_win.cc(123)] NtOpenThread: {Access Denied} A process has requested access to an object, but has not been granted those access rights. (0xc0000022)
[0714/015546.978:ERROR:exception_snapshot_win.cc(98)] thread ID 2648 not found in process
[0714/015546.989:ERROR:process_reader_win.cc(123)] NtOpenThread: {Access Denied} A process has requested access to an object, but has not been granted those access rights. (0xc0000022)
[0714/015546.989:ERROR:exception_snapshot_win.cc(98)] thread ID 5600 not found in process
[0715/025504.710:ERROR:process_reader_win.cc(151)] SuspendThread: Access is denied. (0x5)
[0720/033859.298:ERROR:process_reader_win.cc(123)] NtOpenThread: {Access Denied} A process has requested access to an object, but has not been granted those access rights. (0xc0000022)
[0721/015458.809:ERROR:process_reader_win.cc(151)] SuspendThread: Access is denied. (0x5)
[0721/015458.810:ERROR:process_reader_win.cc(151)] SuspendThread: Access is denied. (0x5)
[0721/015458.810:ERROR:process_reader_win.cc(123)] NtOpenThread: {Access Denied} A process has requested access to an object, but has not been granted those access rights. (0xc0000022)
[0721/015458.810:ERROR:exception_snapshot_win.cc(98)] thread ID 7704 not found in process
[0721/015458.827:ERROR:process_reader_win.cc(151)] SuspendThread: Access is denied. (0x5)
[0721/015458.827:ERROR:process_reader_win.cc(151)] SuspendThread: Access is denied. (0x5)
[0721/015458.828:ERROR:process_reader_win.cc(151)] SuspendThread: Access is denied. (0x5)
[0721/015458.828:ERROR:process_reader_win.cc(151)] SuspendThread: Access is denied. (0x5)
[0721/015458.828:ERROR:process_reader_win.cc(123)] NtOpenThread: {Access Denied} A process has requested access to an object, but has not been granted those access rights. (0xc0000022)
[0721/015458.828:ERROR:exception_snapshot_win.cc(98)] thread ID 1360 not found in process
[0724/053339.452:ERROR:process_reader_win.cc(123)] NtOpenThread: {Access Denied} A process has requested access to an object, but has not been granted those access rights. (0xc0000022)
[0724/053339.459:ERROR:exception_snapshot_win.cc(98)] thread ID 11604 not found in process
[0724/053339.488:ERROR:process_reader_win.cc(123)] NtOpenThread: {Access Denied} A process has requested access to an object, but has not been granted those access rights. (0xc0000022)
[0724/053339.488:ERROR:exception_snapshot_win.cc(98)] thread ID 7876 not found in process
[0727/053338.741:ERROR:process_reader_win.cc(123)] NtOpenThread: {Access Denied} A process has requested access to an object, but has not been granted those access rights. (0xc0000022)
[0727/053338.743:ERROR:exception_snapshot_win.cc(98)] thread ID 10616 not found in process
[0727/053338.762:ERROR:process_reader_win.cc(123)] NtOpenThread: {Access Denied} A process has requested access to an object, but has not been granted those access rights. (0xc0000022)
[0727/053338.762:ERROR:exception_snapshot_win.cc(98)] thread ID 12936 not found in process
[0730/053313.523:ERROR:process_reader_win.cc(151)] SuspendThread: Access is denied. (0x5)
[0730/053313.537:ERROR:process_reader_win.cc(151)] SuspendThread: Access is denied. (0x5)
[0730/053313.537:ERROR:process_reader_win.cc(123)] NtOpenThread: {Access Denied} A process has requested access to an object, but has not been granted those access rights. (0xc0000022)
[0730/053313.537:ERROR:exception_snapshot_win.cc(98)] thread ID 9232 not found in process
[0730/053313.554:ERROR:process_reader_win.cc(151)] SuspendThread: Access is denied. (0x5)
[0730/053313.554:ERROR:process_reader_win.cc(151)] SuspendThread: Access is denied. (0x5)
[0730/053313.554:ERROR:process_reader_win.cc(151)] SuspendThread: Access is denied. (0x5)
[0730/053313.554:ERROR:process_reader_win.cc(151)] SuspendThread: Access is denied. (0x5)
[0730/053313.554:ERROR:process_reader_win.cc(151)] SuspendThread: Access is denied. (0x5)
[0730/053313.554:ERROR:process_reader_win.cc(151)] SuspendThread: Access is denied. (0x5)
[0730/053313.554:ERROR:process_reader_win.cc(123)] NtOpenThread: {Access Denied} A process has requested access to an object, but has not been granted those access rights. (0xc0000022)
[0730/053313.554:ERROR:exception_snapshot_win.cc(98)] thread ID 11260 not found in process
[0803/053340.382:ERROR:process_reader_win.cc(123)] NtOpenThread: {Access Denied} A process has requested access to an object, but has not been granted those access rights. (0xc0000022)
[0803/053340.383:ERROR:exception_snapshot_win.cc(98)] thread ID 15668 not found in process
[0803/053340.416:ERROR:process_reader_win.cc(123)] NtOpenThread: {Access Denied} A process has requested access to an object, but has not been granted those access rights. (0xc0000022)
[0803/053340.416:ERROR:exception_snapshot_win.cc(98)] thread ID 16276 not found in process
[0804/053319.357:ERROR:process_reader_win.cc(123)] NtOpenThread: {Access Denied} A process has requested access to an object, but has not been granted those access rights. (0xc0000022)
[0804/053319.377:ERROR:process_reader_win.cc(123)] NtOpenThread: {Access Denied} A process has requested access to an object, but has not been granted those access rights. (0xc0000022)
[0804/053319.392:ERROR:exception_snapshot_win.cc(98)] thread ID 6116 not found in process
[0804/053319.392:ERROR:exception_snapshot_win.cc(98)] thread ID 4696 not found in process
[0808/053407.840:ERROR:process_reader_win.cc(123)] NtOpenThread: {Access Denied} A process has requested access to an object, but has not been granted those access rights. (0xc0000022)
[0808/053407.841:ERROR:exception_snapshot_win.cc(98)] thread ID 14808 not found in process
[0808/053407.862:ERROR:process_reader_win.cc(123)] NtOpenThread: {Access Denied} A process has requested access to an object, but has not been granted those access rights. (0xc0000022)
[0808/053407.862:ERROR:exception_snapshot_win.cc(98)] thread ID 6136 not found in process
[0813/053343.515:ERROR:process_reader_win.cc(123)] NtOpenThread: {Access Denied} A process has requested access to an object, but has not been granted those access rights. (0xc0000022)
[0813/053343.516:ERROR:exception_snapshot_win.cc(98)] thread ID 11840 not found in process
[0813/053343.541:ERROR:process_reader_win.cc(123)] NtOpenThread: {Access Denied} A process has requested access to an object, but has not been granted those access rights. (0xc0000022)
[0813/053343.541:ERROR:exception_snapshot_win.cc(98)] thread ID 1260 not found in process
[0817/053341.127:ERROR:process_reader_win.cc(151)] SuspendThread: Access is denied. (0x5)
[0817/053341.145:ERROR:process_reader_win.cc(151)] SuspendThread: Access is denied. (0x5)
[0817/053341.145:ERROR:process_reader_win.cc(123)] NtOpenThread: {Access Denied} A process has requested access to an object, but has not been granted those access rights. (0xc0000022)
[0817/053341.146:ERROR:exception_snapshot_win.cc(98)] thread ID 3408 not found in process
[0817/053341.161:ERROR:process_reader_win.cc(151)] SuspendThread: Access is denied. (0x5)
[0817/053341.162:ERROR:process_reader_win.cc(151)] SuspendThread: Access is denied. (0x5)
[0817/053341.162:ERROR:process_reader_win.cc(151)] SuspendThread: Access is denied. (0x5)
[0817/053341.162:ERROR:process_reader_win.cc(151)] SuspendThread: Access is denied. (0x5)
[0817/053341.162:ERROR:process_reader_win.cc(151)] SuspendThread: Access is denied. (0x5)
[0817/053341.162:ERROR:process_reader_win.cc(151)] SuspendThread: Access is denied. (0x5)
[0817/053341.162:ERROR:process_reader_win.cc(123)] NtOpenThread: {Access Denied} A process has requested access to an object, but has not been granted those access rights. (0xc0000022)
[0817/053341.162:ERROR:exception_snapshot_win.cc(98)] thread ID 12684 not found in process
[0818/061552.536:ERROR:process_reader_win.cc(151)] SuspendThread: Access is denied. (0x5)
[0818/061552.547:ERROR:process_reader_win.cc(151)] SuspendThread: Access is denied. (0x5)
[0818/061552.556:ERROR:process_reader_win.cc(123)] NtOpenThread: {Access Denied} A process has requested access to an object, but has not been granted those access rights. (0xc0000022)
[0818/061552.547:ERROR:process_reader_win.cc(123)] NtOpenThread: {Access Denied} A process has requested access to an object, but has not been granted those access rights. (0xc0000022)
[0818/061552.570:ERROR:exception_snapshot_win.cc(98)] thread ID 3796 not found in process
[0818/061552.570:ERROR:exception_snapshot_win.cc(98)] thread ID 6628 not found in process
[0820/053436.398:ERROR:process_reader_win.cc(123)] NtOpenThread: {Access Denied} A process has requested access to an object, but has not been granted those access rights. (0xc0000022)
[0820/053436.411:ERROR:exception_snapshot_win.cc(98)] thread ID 9112 not found in process
[0820/053436.419:ERROR:process_reader_win.cc(123)] NtOpenThread: {Access Denied} A process has requested access to an object, but has not been granted those access rights. (0xc0000022)
[0820/053436.419:ERROR:exception_snapshot_win.cc(98)] thread ID 11904 not found in process
[0821/053641.710:ERROR:process_reader_win.cc(123)] NtOpenThread: {Access Denied} A process has requested access to an object, but has not been granted those access rights. (0xc0000022)
[0821/053641.721:ERROR:exception_snapshot_win.cc(98)] thread ID 224 not found in process
[0821/053641.727:ERROR:process_reader_win.cc(123)] NtOpenThread: {Access Denied} A process has requested access to an object, but has not been granted those access rights. (0xc0000022)
[0821/053641.727:ERROR:exception_snapshot_win.cc(98)] thread ID 10304 not found in process
[0821/054823.220:ERROR:process_reader_win.cc(151)] SuspendThread: Access is denied. (0x5)
[0821/054823.221:ERROR:process_reader_win.cc(123)] NtOpenThread: {Access Denied} A process has requested access to an object, but has not been granted those access rights. (0xc0000022)
[0821/054823.221:ERROR:exception_snapshot_win.cc(98)] thread ID 12196 not found in process
[0821/054823.254:ERROR:process_reader_win.cc(151)] SuspendThread: Access is denied. (0x5)
[0821/054823.254:ERROR:process_reader_win.cc(151)] SuspendThread: Access is denied. (0x5)
[0821/054823.254:ERROR:process_reader_win.cc(151)] SuspendThread: Access is denied. (0x5)
[0821/054823.254:ERROR:process_reader_win.cc(151)] SuspendThread: Access is denied. (0x5)
[0821/054823.254:ERROR:process_reader_win.cc(123)] NtOpenThread: {Access Denied} A process has requested access to an object, but has not been granted those access rights. (0xc0000022)
[0821/054823.254:ERROR:exception_snapshot_win.cc(98)] thread ID 1804 not found in process
[0823/053346.378:ERROR:process_reader_win.cc(123)] NtOpenThread: {Access Denied} A process has requested access to an object, but has not been granted those access rights. (0xc0000022)
[0823/053346.387:ERROR:exception_snapshot_win.cc(98)] thread ID 1176 not found in process
[0823/053346.403:ERROR:process_reader_win.cc(123)] NtOpenThread: {Access Denied} A process has requested access to an object, but has not been granted those access rights. (0xc0000022)
[0823/053346.403:ERROR:exception_snapshot_win.cc(98)] thread ID 11320 not found in process
[0831/053344.189:ERROR:process_reader_win.cc(151)] SuspendThread: Access is denied. (0x5)
[0901/053354.927:ERROR:process_reader_win.cc(151)] SuspendThread: Access is denied. (0x5)
[0901/053354.928:ERROR:process_reader_win.cc(123)] NtOpenThread: {Access Denied} A process has requested access to an object, but has not been granted those access rights. (0xc0000022)
[0901/053354.928:ERROR:exception_snapshot_win.cc(98)] thread ID 12664 not found in process
[0901/053354.954:ERROR:process_reader_win.cc(123)] NtOpenThread: {Access Denied} A process has requested access to an object, but has not been granted those access rights. (0xc0000022)
[0901/053354.954:ERROR:exception_snapshot_win.cc(98)] thread ID 4288 not found in process
[0902/053400.309:ERROR:process_reader_win.cc(123)] NtOpenThread: {Access Denied} A process has requested access to an object, but has not been granted those access rights. (0xc0000022)
[0902/053400.310:ERROR:exception_snapshot_win.cc(98)] thread ID 14148 not found in process
[0902/053400.334:ERROR:process_reader_win.cc(123)] NtOpenThread: {Access Denied} A process has requested access to an object, but has not been granted those access rights. (0xc0000022)
[0902/053400.334:ERROR:exception_snapshot_win.cc(98)] thread ID 11172 not found in process
[0904/053338.382:ERROR:process_reader_win.cc(123)] NtOpenThread: {Access Denied} A process has requested access to an object, but has not been granted those access rights. (0xc0000022)
[0904/053338.397:ERROR:exception_snapshot_win.cc(99)] thread ID 1912 not found in process
[0904/053338.409:ERROR:process_reader_win.cc(123)] NtOpenThread: {Access Denied} A process has requested access to an object, but has not been granted those access rights. (0xc0000022)
[0904/053338.409:ERROR:exception_snapshot_win.cc(99)] thread ID 4452 not found in process
[0907/053041.218:ERROR:process_reader_win.cc(123)] NtOpenThread: {Access Denied} A process has requested access to an object, but has not been granted those access rights. (0xc0000022)
[0907/053041.219:ERROR:exception_snapshot_win.cc(99)] thread ID 14056 not found in process
[0907/053041.234:ERROR:process_reader_win.cc(123)] NtOpenThread: {Access Denied} A process has requested access to an object, but has not been granted those access rights. (0xc0000022)
[0907/053041.234:ERROR:exception_snapshot_win.cc(99)] thread ID 14068 not found in process
[0910/060220.053:ERROR:process_reader_win.cc(123)] NtOpenThread: {Access Denied} A process has requested access to an object, but has not been granted those access rights. (0xc0000022)
[0910/060220.068:ERROR:exception_snapshot_win.cc(99)] thread ID 10056 not found in process
[0910/060220.070:ERROR:process_reader_win.cc(123)] NtOpenThread: {Access Denied} A process has requested access to an object, but has not been granted those access rights. (0xc0000022)
[0910/060220.070:ERROR:exception_snapshot_win.cc(99)] thread ID 10132 not found in process
[0911/053041.203:ERROR:process_reader_win.cc(151)] SuspendThread: Access is denied. (0x5)
[0915/053339.686:ERROR:process_reader_win.cc(123)] NtOpenThread: {Access Denied} A process has requested access to an object, but has not been granted those access rights. (0xc0000022)
[0915/053339.688:ERROR:exception_snapshot_win.cc(99)] thread ID 11748 not found in process
[0915/053339.706:ERROR:process_reader_win.cc(123)] NtOpenThread: {Access Denied} A process has requested access to an object, but has not been granted those access rights. (0xc0000022)
[0915/053339.706:ERROR:exception_snapshot_win.cc(99)] thread ID 10756 not found in process
[0916/053312.228:ERROR:process_reader_win.cc(123)] NtOpenThread: {Access Denied} A process has requested access to an object, but has not been granted those access rights. (0xc0000022)
[0916/053312.229:ERROR:exception_snapshot_win.cc(99)] thread ID 16128 not found in process
[0916/053312.247:ERROR:process_reader_win.cc(123)] NtOpenThread: {Access Denied} A process has requested access to an object, but has not been granted those access rights. (0xc0000022)
[0916/053312.247:ERROR:exception_snapshot_win.cc(99)] thread ID 14172 not found in process
[0917/053340.272:ERROR:process_reader_win.cc(123)] NtOpenThread: {Access Denied} A process has requested access to an object, but has not been granted those access rights. (0xc0000022)
[0917/053340.273:ERROR:exception_snapshot_win.cc(99)] thread ID 15780 not found in process
[0917/053340.294:ERROR:process_reader_win.cc(123)] NtOpenThread: {Access Denied} A process has requested access to an object, but has not been granted those access rights. (0xc0000022)
[0917/053340.295:ERROR:exception_snapshot_win.cc(99)] thread ID 9716 not found in process
[0918/053314.139:ERROR:process_reader_win.cc(151)] SuspendThread: Access is denied. (0x5)
[0918/053314.140:ERROR:process_reader_win.cc(123)] NtOpenThread: {Access Denied} A process has requested access to an object, but has not been granted those access rights. (0xc0000022)
[0918/053314.140:ERROR:exception_snapshot_win.cc(99)] thread ID 11936 not found in process
[0918/053314.173:ERROR:process_reader_win.cc(151)] SuspendThread: Access is denied. (0x5)
[0918/053314.173:ERROR:process_reader_win.cc(151)] SuspendThread: Access is denied. (0x5)
[0918/053314.174:ERROR:process_reader_win.cc(151)] SuspendThread: Access is denied. (0x5)
[0918/053314.174:ERROR:process_reader_win.cc(151)] SuspendThread: Access is denied. (0x5)
[0918/053314.174:ERROR:process_reader_win.cc(151)] SuspendThread: Access is denied. (0x5)
[0918/053314.174:ERROR:process_reader_win.cc(123)] NtOpenThread: {Access Denied} A process has requested access to an object, but has not been granted those access rights. (0xc0000022)
[0918/053314.174:ERROR:exception_snapshot_win.cc(99)] thread ID 16432 not found in process
[0922/053316.467:ERROR:process_reader_win.cc(151)] SuspendThread: Access is denied. (0x5)
[0922/053316.483:ERROR:process_reader_win.cc(151)] SuspendThread: Access is denied. (0x5)
[0922/053316.483:ERROR:process_reader_win.cc(123)] NtOpenThread: {Access Denied} A process has requested access to an object, but has not been granted those access rights. (0xc0000022)
[0922/053316.484:ERROR:exception_snapshot_win.cc(99)] thread ID 14500 not found in process
[0922/053316.485:ERROR:process_reader_win.cc(123)] NtOpenThread: {Access Denied} A process has requested access to an object, but has not been granted those access rights. (0xc0000022)
[0922/053316.485:ERROR:exception_snapshot_win.cc(99)] thread ID 15876 not found in process
[0925/053317.333:ERROR:process_reader_win.cc(151)] SuspendThread: Access is denied. (0x5)
[0925/053317.349:ERROR:process_reader_win.cc(151)] SuspendThread: Access is denied. (0x5)
[0925/053317.349:ERROR:process_reader_win.cc(123)] NtOpenThread: An invalid Client ID was specified. (0xc000000b)
[0925/053317.349:ERROR:exception_snapshot_win.cc(99)] thread ID 9300 not found in process
[0925/053317.372:ERROR:process_reader_win.cc(151)] SuspendThread: Access is denied. (0x5)
[0925/053317.372:ERROR:process_reader_win.cc(151)] SuspendThread: Access is denied. (0x5)
[0925/053317.372:ERROR:process_reader_win.cc(151)] SuspendThread: Access is denied. (0x5)
[0925/053317.373:ERROR:process_reader_win.cc(151)] SuspendThread: Access is denied. (0x5)
[0925/053317.373:ERROR:process_reader_win.cc(151)] SuspendThread: Access is denied. (0x5)
[0925/053317.373:ERROR:process_reader_win.cc(123)] NtOpenThread: {Access Denied} A process has requested access to an object, but has not been granted those access rights. (0xc0000022)
[0925/053317.373:ERROR:exception_snapshot_win.cc(99)] thread ID 17272 not found in process
[0926/053321.192:ERROR:process_reader_win.cc(123)] NtOpenThread: {Access Denied} A process has requested access to an object, but has not been granted those access rights. (0xc0000022)
[0926/053321.193:ERROR:exception_snapshot_win.cc(99)] thread ID 11104 not found in process
[0926/053321.222:ERROR:process_reader_win.cc(123)] NtOpenThread: {Access Denied} A process has requested access to an object, but has not been granted those access rights. (0xc0000022)
[0926/053321.222:ERROR:exception_snapshot_win.cc(99)] thread ID 15576 not found in process
[0927/053333.332:ERROR:process_reader_win.cc(123)] NtOpenThread: {Access Denied} A process has requested access to an object, but has not been granted those access rights. (0xc0000022)
[0927/053333.333:ERROR:exception_snapshot_win.cc(99)] thread ID 19152 not found in process
[0927/053333.354:ERROR:process_reader_win.cc(123)] NtOpenThread: {Access Denied} A process has requested access to an object, but has not been granted those access rights. (0xc0000022)
[0927/053333.354:ERROR:exception_snapshot_win.cc(99)] thread ID 16376 not found in process
[0928/053344.573:ERROR:process_reader_win.cc(151)] SuspendThread: Access is denied. (0x5)
[0928/053344.574:ERROR:process_reader_win.cc(151)] SuspendThread: Access is denied. (0x5)
[0928/053344.574:ERROR:process_reader_win.cc(123)] NtOpenThread: {Access Denied} A process has requested access to an object, but has not been granted those access rights. (0xc0000022)
[0928/053344.575:ERROR:exception_snapshot_win.cc(99)] thread ID 15772 not found in process
[0928/053344.597:ERROR:process_reader_win.cc(151)] SuspendThread: Access is denied. (0x5)
[0928/053344.597:ERROR:process_reader_win.cc(151)] SuspendThread: Access is denied. (0x5)
[0928/053344.597:ERROR:process_reader_win.cc(151)] SuspendThread: Access is denied. (0x5)
[0928/053344.597:ERROR:process_reader_win.cc(151)] SuspendThread: Access is denied. (0x5)
[0928/053344.597:ERROR:process_reader_win.cc(151)] SuspendThread: Access is denied. (0x5)
[0928/053344.597:ERROR:process_reader_win.cc(123)] NtOpenThread: {Access Denied} A process has requested access to an object, but has not been granted those access rights. (0xc0000022)
[0928/053344.597:ERROR:exception_snapshot_win.cc(99)] thread ID 11604 not found in process
[0929/053357.701:ERROR:process_reader_win.cc(123)] NtOpenThread: {Access Denied} A process has requested access to an object, but has not been granted those access rights. (0xc0000022)
[0929/053357.702:ERROR:exception_snapshot_win.cc(99)] thread ID 384 not found in process
[0929/053357.723:ERROR:process_reader_win.cc(123)] NtOpenThread: {Access Denied} A process has requested access to an object, but has not been granted those access rights. (0xc0000022)
[0929/053357.723:ERROR:exception_snapshot_win.cc(99)] thread ID 15552 not found in process
[0930/053412.141:ERROR:process_reader_win.cc(123)] NtOpenThread: {Access Denied} A process has requested access to an object, but has not been granted those access rights. (0xc0000022)
[0930/053412.142:ERROR:exception_snapshot_win.cc(99)] thread ID 2364 not found in process
[0930/053412.165:ERROR:process_reader_win.cc(123)] NtOpenThread: {Access Denied} A process has requested access to an object, but has not been granted those access rights. (0xc0000022)
[0930/053412.165:ERROR:exception_snapshot_win.cc(99)] thread ID 3892 not found in process
[1001/053233.659:ERROR:process_reader_win.cc(151)] SuspendThread: Access is denied. (0x5)
[1001/053233.674:ERROR:process_reader_win.cc(151)] SuspendThread: Access is denied. (0x5)
[1001/053233.675:ERROR:process_reader_win.cc(123)] NtOpenThread: {Access Denied} A process has requested access to an object, but has not been granted those access rights. (0xc0000022)
[1001/053233.675:ERROR:exception_snapshot_win.cc(99)] thread ID 1656 not found in process
[1001/053233.686:ERROR:process_reader_win.cc(151)] SuspendThread: Access is denied. (0x5)
[1001/053233.686:ERROR:process_reader_win.cc(151)] SuspendThread: Access is denied. (0x5)
[1001/053233.686:ERROR:process_reader_win.cc(151)] SuspendThread: Access is denied. (0x5)
[1001/053233.686:ERROR:process_reader_win.cc(151)] SuspendThread: Access is denied. (0x5)
[1001/053233.686:ERROR:process_reader_win.cc(151)] SuspendThread: Access is denied. (0x5)
[1001/053233.686:ERROR:process_reader_win.cc(123)] NtOpenThread: {Access Denied} A process has requested access to an object, but has not been granted those access rights. (0xc0000022)
[1001/053233.686:ERROR:exception_snapshot_win.cc(99)] thread ID 16400 not found in process
[1001/053548.639:ERROR:process_reader_win.cc(123)] NtOpenThread: {Access Denied} A process has requested access to an object, but has not been granted those access rights. (0xc0000022)
[1001/053548.640:ERROR:exception_snapshot_win.cc(99)] thread ID 11584 not found in process
[1001/053548.664:ERROR:process_reader_win.cc(123)] NtOpenThread: {Access Denied} A process has requested access to an object, but has not been granted those access rights. (0xc0000022)
[1001/053548.664:ERROR:exception_snapshot_win.cc(99)] thread ID 8584 not found in process
[1002/053417.235:ERROR:process_reader_win.cc(123)] NtOpenThread: {Access Denied} A process has requested access to an object, but has not been granted those access rights. (0xc0000022)
[1003/053445.886:ERROR:process_reader_win.cc(151)] SuspendThread: Access is denied. (0x5)
[1003/053445.900:ERROR:process_reader_win.cc(151)] SuspendThread: Access is denied. (0x5)
[1003/053446.319:ERROR:exception_snapshot_win.cc(99)] thread ID 11580 not found in process
[1003/053446.319:ERROR:process_reader_win.cc(151)] SuspendThread: Access is denied. (0x5)
[1003/053446.319:ERROR:process_reader_win.cc(151)] SuspendThread: Access is denied. (0x5)
[1003/053446.319:ERROR:process_reader_win.cc(151)] SuspendThread: Access is denied. (0x5)
[1003/053446.319:ERROR:process_reader_win.cc(123)] NtOpenThread: {Access Denied} A process has requested access to an object, but has not been granted those access rights. (0xc0000022)
[1003/053446.319:ERROR:exception_snapshot_win.cc(99)] thread ID 21388 not found in process
[1003/053446.319:ERROR:scoped_process_suspend.cc(40)] NtResumeProcess: An attempt was made to access an exiting process. (0xc000010a)
[1004/053349.321:ERROR:process_reader_win.cc(123)] NtOpenThread: {Access Denied} A process has requested access to an object, but has not been granted those access rights. (0xc0000022)
[1004/053349.322:ERROR:exception_snapshot_win.cc(99)] thread ID 20744 not found in process
[1004/053349.343:ERROR:process_reader_win.cc(123)] NtOpenThread: {Access Denied} A process has requested access to an object, but has not been granted those access rights. (0xc0000022)
[1004/053349.343:ERROR:exception_snapshot_win.cc(99)] thread ID 13228 not found in process
[1006/053342.976:ERROR:process_reader_win.cc(123)] NtOpenThread: {Access Denied} A process has requested access to an object, but has not been granted those access rights. (0xc0000022)
[1006/053342.992:ERROR:exception_snapshot_win.cc(99)] thread ID 19916 not found in process
[1006/053343.002:ERROR:process_reader_win.cc(123)] NtOpenThread: {Access Denied} A process has requested access to an object, but has not been granted those access rights. (0xc0000022)
[1006/053343.002:ERROR:exception_snapshot_win.cc(99)] thread ID 15264 not found in process
[1009/053339.880:ERROR:process_reader_win.cc(123)] NtOpenThread: {Access Denied} A process has requested access to an object, but has not been granted those access rights. (0xc0000022)
[1010/053425.177:ERROR:process_reader_win.cc(151)] SuspendThread: Access is denied. (0x5)
[1010/053425.178:ERROR:process_reader_win.cc(123)] NtOpenThread: {Access Denied} A process has requested access to an object, but has not been granted those access rights. (0xc0000022)
[1010/053425.179:ERROR:exception_snapshot_win.cc(99)] thread ID 15904 not found in process
[1010/053425.222:ERROR:process_reader_win.cc(151)] SuspendThread: Access is denied. (0x5)
[1010/053425.222:ERROR:process_reader_win.cc(151)] SuspendThread: Access is denied. (0x5)
[1010/053425.222:ERROR:process_reader_win.cc(151)] SuspendThread: Access is denied. (0x5)
[1010/053425.222:ERROR:process_reader_win.cc(151)] SuspendThread: Access is denied. (0x5)
[1010/053425.222:ERROR:process_reader_win.cc(151)] SuspendThread: Access is denied. (0x5)
[1010/053425.222:ERROR:process_reader_win.cc(123)] NtOpenThread: {Access Denied} A process has requested access to an object, but has not been granted those access rights. (0xc0000022)
[1010/053425.222:ERROR:exception_snapshot_win.cc(99)] thread ID 6156 not found in process
[1014/053410.089:ERROR:process_reader_win.cc(151)] SuspendThread: Access is denied. (0x5)
[1015/053322.418:ERROR:process_reader_win.cc(151)] SuspendThread: Access is denied. (0x5)
[1015/053322.440:ERROR:process_reader_win.cc(151)] SuspendThread: Access is denied. (0x5)
[1015/053322.440:ERROR:process_reader_win.cc(123)] NtOpenThread: An invalid Client ID was specified. (0xc000000b)
[1015/053322.440:ERROR:exception_snapshot_win.cc(99)] thread ID 12188 not found in process
[1015/053322.443:ERROR:process_reader_win.cc(123)] NtOpenThread: {Access Denied} A process has requested access to an object, but has not been granted those access rights. (0xc0000022)
[1015/053322.443:ERROR:exception_snapshot_win.cc(99)] thread ID 1128 not found in process
[1015/053322.440:ERROR:scoped_process_suspend.cc(40)] NtResumeProcess: An attempt was made to access an exiting process. (0xc000010a)
[1016/064340.559:ERROR:directory_reader_win.cc(43)] FindFirstFile: The system cannot find the path specified. (0x3)
[1019/053343.056:ERROR:process_reader_win.cc(151)] SuspendThread: Access is denied. (0x5)
[1019/053343.073:ERROR:process_reader_win.cc(123)] NtOpenThread: {Access Denied} A process has requested access to an object, but has not been granted those access rights. (0xc0000022)
[1019/053343.074:ERROR:exception_snapshot_win.cc(99)] thread ID 4092 not found in process
[1019/053343.092:ERROR:process_reader_win.cc(151)] SuspendThread: Access is denied. (0x5)
[1019/053343.092:ERROR:process_reader_win.cc(151)] SuspendThread: Access is denied. (0x5)
[1019/053343.092:ERROR:process_reader_win.cc(151)] SuspendThread: Access is denied. (0x5)
[1019/053343.093:ERROR:process_reader_win.cc(151)] SuspendThread: Access is denied. (0x5)
[1019/053343.093:ERROR:process_reader_win.cc(151)] SuspendThread: Access is denied. (0x5)
[1019/053343.093:ERROR:process_reader_win.cc(123)] NtOpenThread: {Access Denied} A process has requested access to an object, but has not been granted those access rights. (0xc0000022)
[1019/053343.093:ERROR:exception_snapshot_win.cc(99)] thread ID 12028 not found in process
[1020/053955.093:ERROR:directory_reader_win.cc(43)] FindFirstFile: The system cannot find the path specified. (0x3)
[1021/053420.610:ERROR:process_reader_win.cc(151)] SuspendThread: Access is denied. (0x5)
[1021/053420.611:ERROR:process_reader_win.cc(151)] SuspendThread: Access is denied. (0x5)
[1021/053420.611:ERROR:process_reader_win.cc(123)] NtOpenThread: {Access Denied} A process has requested access to an object, but has not been granted those access rights. (0xc0000022)
[1021/053420.611:ERROR:exception_snapshot_win.cc(99)] thread ID 9992 not found in process
[1021/053420.641:ERROR:process_reader_win.cc(151)] SuspendThread: Access is denied. (0x5)
[1021/053420.641:ERROR:process_reader_win.cc(151)] SuspendThread: Access is denied. (0x5)
[1021/053420.641:ERROR:process_reader_win.cc(151)] SuspendThread: Access is denied. (0x5)
[1021/053420.641:ERROR:process_reader_win.cc(151)] SuspendThread: Access is denied. (0x5)
[1021/053420.641:ERROR:process_reader_win.cc(151)] SuspendThread: Access is denied. (0x5)
[1021/053420.641:ERROR:process_reader_win.cc(123)] NtOpenThread: {Access Denied} A process has requested access to an object, but has not been granted those access rights. (0xc0000022)
[1021/053420.641:ERROR:exception_snapshot_win.cc(99)] thread ID 9060 not found in process
[1021/053955.222:ERROR:directory_reader_win.cc(43)] FindFirstFile: The system cannot find the path specified. (0x3)
[1024/053351.297:ERROR:process_reader_win.cc(151)] SuspendThread: Access is denied. (0x5)
[1024/053351.298:ERROR:process_reader_win.cc(151)] SuspendThread: Access is denied. (0x5)
[1024/053351.298:ERROR:process_reader_win.cc(123)] NtOpenThread: {Access Denied} A process has requested access to an object, but has not been granted those access rights. (0xc0000022)
[1024/053351.299:ERROR:exception_snapshot_win.cc(99)] thread ID 10920 not found in process
[1024/053351.323:ERROR:process_reader_win.cc(123)] NtOpenThread: {Access Denied} A process has requested access to an object, but has not been granted those access rights. (0xc0000022)
[1024/053351.323:ERROR:exception_snapshot_win.cc(99)] thread ID 13740 not found in process
[1025/053322.700:ERROR:process_reader_win.cc(123)] NtOpenThread: {Access Denied} A process has requested access to an object, but has not been granted those access rights. (0xc0000022)
[1025/053322.702:ERROR:exception_snapshot_win.cc(99)] thread ID 19180 not found in process
[1025/053322.721:ERROR:process_reader_win.cc(123)] NtOpenThread: {Access Denied} A process has requested access to an object, but has not been granted those access rights. (0xc0000022)
[1025/053322.721:ERROR:exception_snapshot_win.cc(99)] thread ID 14496 not found in process
[1026/045947.801:ERROR:directory_reader_win.cc(43)] FindFirstFile: The system cannot find the path specified. (0x3)
[1028/053335.636:ERROR:process_reader_win.cc(123)] NtOpenThread: {Access Denied} A process has requested access to an object, but has not been granted those access rights. (0xc0000022)
[1028/053335.637:ERROR:exception_snapshot_win.cc(99)] thread ID 20596 not found in process
[1028/053335.657:ERROR:process_reader_win.cc(123)] NtOpenThread: {Access Denied} A process has requested access to an object, but has not been granted those access rights. (0xc0000022)
[1028/053335.657:ERROR:exception_snapshot_win.cc(99)] thread ID 18240 not found in process
[1029/051746.710:ERROR:directory_reader_win.cc(43)] FindFirstFile: The system cannot find the path specified. (0x3)
[1030/053335.786:ERROR:process_reader_win.cc(123)] NtOpenThread: {Access Denied} A process has requested access to an object, but has not been granted those access rights. (0xc0000022)
[1030/053335.787:ERROR:exception_snapshot_win.cc(99)] thread ID 3580 not found in process
[1030/053335.814:ERROR:process_reader_win.cc(123)] NtOpenThread: {Access Denied} A process has requested access to an object, but has not been granted those access rights. (0xc0000022)
[1030/053335.814:ERROR:exception_snapshot_win.cc(99)] thread ID 5380 not found in process
[1101/053352.502:ERROR:process_reader_win.cc(151)] SuspendThread: Access is denied. (0x5)
[1101/053352.503:ERROR:process_reader_win.cc(123)] NtOpenThread: {Access Denied} A process has requested access to an object, but has not been granted those access rights. (0xc0000022)
[1101/053352.504:ERROR:exception_snapshot_win.cc(99)] thread ID 11692 not found in process
[1101/053352.526:ERROR:process_reader_win.cc(151)] SuspendThread: Access is denied. (0x5)
[1101/053352.526:ERROR:process_reader_win.cc(151)] SuspendThread: Access is denied. (0x5)
[1101/053352.526:ERROR:process_reader_win.cc(151)] SuspendThread: Access is denied. (0x5)
[1101/053352.526:ERROR:process_reader_win.cc(151)] SuspendThread: Access is denied. (0x5)
[1101/053352.526:ERROR:process_reader_win.cc(151)] SuspendThread: Access is denied. (0x5)
[1101/053352.526:ERROR:process_reader_win.cc(123)] NtOpenThread: {Access Denied} A process has requested access to an object, but has not been granted those access rights. (0xc0000022)
[1101/053352.526:ERROR:exception_snapshot_win.cc(99)] thread ID 17456 not found in process
[1102/053423.482:ERROR:process_reader_win.cc(151)] SuspendThread: Access is denied. (0x5)
[1102/053423.483:ERROR:process_reader_win.cc(123)] NtOpenThread: {Access Denied} A process has requested access to an object, but has not been granted those access rights. (0xc0000022)
[1102/053423.483:ERROR:exception_snapshot_win.cc(99)] thread ID 9192 not found in process
[1102/053423.503:ERROR:process_reader_win.cc(123)] NtOpenThread: {Access Denied} A process has requested access to an object, but has not been granted those access rights. (0xc0000022)
[1102/053423.503:ERROR:exception_snapshot_win.cc(99)] thread ID 392 not found in process
[1103/062842.902:ERROR:process_reader_win.cc(151)] SuspendThread: Access is denied. (0x5)
[1103/062842.919:ERROR:process_reader_win.cc(123)] NtOpenThread: {Access Denied} A process has requested access to an object, but has not been granted those access rights. (0xc0000022)
[1103/062842.919:ERROR:exception_snapshot_win.cc(99)] thread ID 9748 not found in process
[1103/062842.930:ERROR:process_reader_win.cc(123)] NtOpenThread: {Access Denied} A process has requested access to an object, but has not been granted those access rights. (0xc0000022)
[1103/062842.930:ERROR:exception_snapshot_win.cc(99)] thread ID 9768 not found in process
[1104/053412.617:ERROR:process_reader_win.cc(123)] NtOpenThread: {Access Denied} A process has requested access to an object, but has not been granted those access rights. (0xc0000022)
[1104/053412.618:ERROR:exception_snapshot_win.cc(99)] thread ID 13116 not found in process
[1104/053412.636:ERROR:process_reader_win.cc(123)] NtOpenThread: {Access Denied} A process has requested access to an object, but has not been granted those access rights. (0xc0000022)
[1104/053412.636:ERROR:exception_snapshot_win.cc(99)] thread ID 13804 not found in process
[1106/053313.033:ERROR:process_reader_win.cc(151)] SuspendThread: Access is denied. (0x5)
[1106/053313.034:ERROR:process_reader_win.cc(123)] NtOpenThread: {Access Denied} A process has requested access to an object, but has not been granted those access rights. (0xc0000022)
[1106/053313.034:ERROR:exception_snapshot_win.cc(99)] thread ID 11304 not found in process
[1106/053313.061:ERROR:process_reader_win.cc(151)] SuspendThread: Access is denied. (0x5)
[1106/053313.061:ERROR:process_reader_win.cc(151)] SuspendThread: Access is denied. (0x5)
[1106/053313.061:ERROR:process_reader_win.cc(123)] NtOpenThread: {Access Denied} A process has requested access to an object, but has not been granted those access rights. (0xc0000022)
[1106/053313.061:ERROR:exception_snapshot_win.cc(99)] thread ID 9060 not found in process
[1107/054251.663:ERROR:directory_reader_win.cc(43)] FindFirstFile: The system cannot find the path specified. (0x3)
[1107/054455.174:ERROR:directory_reader_win.cc(43)] FindFirstFile: The system cannot find the path specified. (0x3)
[1108/053322.946:ERROR:process_reader_win.cc(151)] SuspendThread: Access is denied. (0x5)
[1108/053322.948:ERROR:exception_snapshot_win.cc(99)] thread ID 19212 not found in process
[1108/053322.969:ERROR:process_reader_win.cc(123)] NtOpenThread: {Access Denied} A process has requested access to an object, but has not been granted those access rights. (0xc0000022)
[1108/053322.969:ERROR:exception_snapshot_win.cc(99)] thread ID 5400 not found in process
[1109/053539.177:ERROR:process_reader_win.cc(151)] SuspendThread: Access is denied. (0x5)
[1109/053539.178:ERROR:process_reader_win.cc(123)] NtOpenThread: {Access Denied} A process has requested access to an object, but has not been granted those access rights. (0xc0000022)
[1109/053539.178:ERROR:exception_snapshot_win.cc(99)] thread ID 18716 not found in process
[1109/053539.203:ERROR:process_reader_win.cc(123)] NtOpenThread: {Access Denied} A process has requested access to an object, but has not been granted those access rights. (0xc0000022)
[1109/053539.203:ERROR:exception_snapshot_win.cc(99)] thread ID 14988 not found in process
[1111/051125.192:ERROR:directory_reader_win.cc(43)] FindFirstFile: The system cannot find the path specified. (0x3)
[1114/053257.387:ERROR:process_reader_win.cc(151)] SuspendThread: Access is denied. (0x5)
[1114/053257.389:ERROR:process_reader_win.cc(151)] SuspendThread: Access is denied. (0x5)
[1114/053257.389:ERROR:process_reader_win.cc(123)] NtOpenThread: {Access Denied} A process has requested access to an object, but has not been granted those access rights. (0xc0000022)
[1114/053257.390:ERROR:exception_snapshot_win.cc(99)] thread ID 7180 not found in process
[1114/053257.415:ERROR:process_reader_win.cc(151)] SuspendThread: Access is denied. (0x5)
[1114/053257.415:ERROR:process_reader_win.cc(151)] SuspendThread: Access is denied. (0x5)
[1114/053257.415:ERROR:process_reader_win.cc(151)] SuspendThread: Access is denied. (0x5)
[1114/053257.415:ERROR:process_reader_win.cc(151)] SuspendThread: Access is denied. (0x5)
[1114/053257.415:ERROR:process_reader_win.cc(151)] SuspendThread: Access is denied. (0x5)
[1114/053257.415:ERROR:process_reader_win.cc(123)] NtOpenThread: {Access Denied} A process has requested access to an object, but has not been granted those access rights. (0xc0000022)
[1114/053257.415:ERROR:exception_snapshot_win.cc(99)] thread ID 13740 not found in process
[1117/104152.137:ERROR:process_reader_win.cc(151)] SuspendThread: Access is denied. (0x5)
[1117/104152.160:ERROR:process_reader_win.cc(123)] NtOpenThread: {Access Denied} A process has requested access to an object, but has not been granted those access rights. (0xc0000022)
[1117/104152.215:ERROR:exception_snapshot_win.cc(99)] thread ID 11392 not found in process
[1117/104152.237:ERROR:process_reader_win.cc(123)] NtOpenThread: An invalid Client ID was specified. (0xc000000b)
[1117/104152.237:ERROR:exception_snapshot_win.cc(99)] thread ID 11604 not found in process
[1117/104152.237:ERROR:scoped_process_suspend.cc(40)] NtResumeProcess: An attempt was made to access an exiting process. (0xc000010a)
[1117/161822.570:ERROR:process_reader_win.cc(151)] SuspendThread: Access is denied. (0x5)
[1117/161822.571:ERROR:process_reader_win.cc(151)] SuspendThread: Access is denied. (0x5)
[1117/161822.571:ERROR:process_reader_win.cc(123)] NtOpenThread: {Access Denied} A process has requested access to an object, but has not been granted those access rights. (0xc0000022)
[1117/161822.571:ERROR:exception_snapshot_win.cc(99)] thread ID 8904 not found in process
[1117/161822.596:ERROR:process_reader_win.cc(151)] SuspendThread: Access is denied. (0x5)
[1117/161822.596:ERROR:process_reader_win.cc(151)] SuspendThread: Access is denied. (0x5)
[1117/161822.596:ERROR:process_reader_win.cc(151)] SuspendThread: Access is denied. (0x5)
[1117/161822.596:ERROR:process_reader_win.cc(151)] SuspendThread: Access is denied. (0x5)
[1117/161822.596:ERROR:process_reader_win.cc(151)] SuspendThread: Access is denied. (0x5)
[1117/161822.596:ERROR:process_reader_win.cc(123)] NtOpenThread: {Access Denied} A process has requested access to an object, but has not been granted those access rights. (0xc0000022)
[1117/161822.596:ERROR:exception_snapshot_win.cc(99)] thread ID 12416 not found in process
[1120/161552.703:ERROR:process_reader_win.cc(123)] NtOpenThread: {Access Denied} A process has requested access to an object, but has not been granted those access rights. (0xc0000022)
[1120/161552.704:ERROR:exception_snapshot_win.cc(99)] thread ID 3632 not found in process
[1120/161552.724:ERROR:process_reader_win.cc(151)] SuspendThread: Access is denied. (0x5)
[1120/161552.724:ERROR:process_reader_win.cc(151)] SuspendThread: Access is denied. (0x5)
[1120/161552.725:ERROR:process_reader_win.cc(151)] SuspendThread: Access is denied. (0x5)
[1120/161552.725:ERROR:process_reader_win.cc(123)] NtOpenThread: {Access Denied} A process has requested access to an object, but has not been granted those access rights. (0xc0000022)
[1120/161552.725:ERROR:exception_snapshot_win.cc(99)] thread ID 11236 not found in process
[1120/184326.738:ERROR:process_reader_win.cc(151)] SuspendThread: Access is denied. (0x5)
[1120/184326.738:ERROR:process_reader_win.cc(123)] NtOpenThread: {Access Denied} A process has requested access to an object, but has not been granted those access rights. (0xc0000022)
[1120/184326.739:ERROR:exception_snapshot_win.cc(99)] thread ID 17064 not found in process
[1120/185436.578:ERROR:directory_reader_win.cc(43)] FindFirstFile: The system cannot find the path specified. (0x3)
[1121/161959.912:ERROR:process_reader_win.cc(123)] NtOpenThread: {Access Denied} A process has requested access to an object, but has not been granted those access rights. (0xc0000022)
[1121/161959.913:ERROR:exception_snapshot_win.cc(99)] thread ID 16264 not found in process
[1121/161959.936:ERROR:process_reader_win.cc(123)] NtOpenThread: {Access Denied} A process has requested access to an object, but has not been granted those access rights. (0xc0000022)
[1121/161959.936:ERROR:exception_snapshot_win.cc(99)] thread ID 17020 not found in process
[1121/185437.265:ERROR:directory_reader_win.cc(43)] FindFirstFile: The system cannot find the path specified. (0x3)
[1122/185438.084:ERROR:directory_reader_win.cc(43)] FindFirstFile: The system cannot find the path specified. (0x3)
[1123/185517.759:ERROR:process_reader_win.cc(151)] SuspendThread: Access is denied. (0x5)
[1123/185517.760:ERROR:exception_snapshot_win.cc(99)] thread ID 15300 not found in process
[1123/185517.773:ERROR:process_reader_win.cc(123)] NtOpenThread: {Access Denied} A process has requested access to an object, but has not been granted those access rights. (0xc0000022)
[1123/185517.774:ERROR:exception_snapshot_win.cc(99)] thread ID 8476 not found in process
[1125/161958.933:ERROR:process_reader_win.cc(123)] NtOpenThread: {Access Denied} A process has requested access to an object, but has not been granted those access rights. (0xc0000022)
[1125/161958.934:ERROR:exception_snapshot_win.cc(99)] thread ID 13352 not found in process
[1125/161958.954:ERROR:process_reader_win.cc(123)] NtOpenThread: {Access Denied} A process has requested access to an object, but has not been granted those access rights. (0xc0000022)
[1125/161958.954:ERROR:exception_snapshot_win.cc(99)] thread ID 2644 not found in process
[1126/162004.987:ERROR:process_reader_win.cc(123)] NtOpenThread: {Access Denied} A process has requested access to an object, but has not been granted those access rights. (0xc0000022)
[1126/162004.988:ERROR:exception_snapshot_win.cc(99)] thread ID 11104 not found in process
[1126/162005.005:ERROR:process_reader_win.cc(123)] NtOpenThread: {Access Denied} A process has requested access to an object, but has not been granted those access rights. (0xc0000022)
[1126/162005.005:ERROR:exception_snapshot_win.cc(99)] thread ID 3456 not found in process
[1127/162000.361:ERROR:process_reader_win.cc(123)] NtOpenThread: {Access Denied} A process has requested access to an object, but has not been granted those access rights. (0xc0000022)
[1127/162000.362:ERROR:exception_snapshot_win.cc(99)] thread ID 15720 not found in process
[1127/162000.386:ERROR:process_reader_win.cc(123)] NtOpenThread: {Access Denied} A process has requested access to an object, but has not been granted those access rights. (0xc0000022)
[1127/162000.386:ERROR:exception_snapshot_win.cc(99)] thread ID 2500 not found in process
[1128/162008.040:ERROR:process_reader_win.cc(151)] SuspendThread: Access is denied. (0x5)
[1128/162008.041:ERROR:process_reader_win.cc(123)] NtOpenThread: An invalid Client ID was specified. (0xc000000b)
[1128/162008.041:ERROR:exception_snapshot_win.cc(99)] thread ID 8968 not found in process
[1128/162008.065:ERROR:process_reader_win.cc(123)] NtOpenThread: {Access Denied} A process has requested access to an object, but has not been granted those access rights. (0xc0000022)
[1128/162008.065:ERROR:exception_snapshot_win.cc(99)] thread ID 11124 not found in process
[1129/192529.106:ERROR:directory_reader_win.cc(43)] FindFirstFile: The system cannot find the path specified. (0x3)
[1130/161909.173:ERROR:process_reader_win.cc(151)] SuspendThread: Access is denied. (0x5)
[1130/161909.175:ERROR:process_reader_win.cc(151)] SuspendThread: Access is denied. (0x5)
[1130/161909.175:ERROR:process_reader_win.cc(123)] NtOpenThread: {Access Denied} A process has requested access to an object, but has not been granted those access rights. (0xc0000022)
[1130/161909.175:ERROR:exception_snapshot_win.cc(99)] thread ID 4404 not found in process
[1130/161909.196:ERROR:process_reader_win.cc(123)] NtOpenThread: {Access Denied} A process has requested access to an object, but has not been granted those access rights. (0xc0000022)
[1130/161909.196:ERROR:exception_snapshot_win.cc(99)] thread ID 9132 not found in process
[1204/161840.108:ERROR:process_reader_win.cc(123)] NtOpenThread: {Access Denied} A process has requested access to an object, but has not been granted those access rights. (0xc0000022)
[1205/161849.823:ERROR:process_reader_win.cc(151)] SuspendThread: Access is denied. (0x5)
[1205/161849.824:ERROR:process_reader_win.cc(151)] SuspendThread: Access is denied. (0x5)
[1205/161849.824:ERROR:process_reader_win.cc(123)] NtOpenThread: {Access Denied} A process has requested access to an object, but has not been granted those access rights. (0xc0000022)
[1205/161849.825:ERROR:exception_snapshot_win.cc(99)] thread ID 6756 not found in process
[1206/161841.765:ERROR:process_reader_win.cc(123)] NtOpenThread: {Access Denied} A process has requested access to an object, but has not been granted those access rights. (0xc0000022)
[1206/161841.766:ERROR:exception_snapshot_win.cc(99)] thread ID 10276 not found in process
[1206/161841.786:ERROR:process_reader_win.cc(123)] NtOpenThread: {Access Denied} A process has requested access to an object, but has not been granted those access rights. (0xc0000022)
[1206/161841.786:ERROR:exception_snapshot_win.cc(99)] thread ID 5284 not found in process
[1207/161630.316:ERROR:process_reader_win.cc(151)] SuspendThread: Access is denied. (0x5)
[1207/161630.317:ERROR:process_reader_win.cc(123)] NtOpenThread: {Access Denied} A process has requested access to an object, but has not been granted those access rights. (0xc0000022)
[1207/161630.317:ERROR:exception_snapshot_win.cc(99)] thread ID 2980 not found in process
[1207/161630.325:ERROR:process_reader_win.cc(123)] NtOpenThread: {Access Denied} A process has requested access to an object, but has not been granted those access rights. (0xc0000022)
[1207/161630.325:ERROR:exception_snapshot_win.cc(99)] thread ID 11768 not found in process
[1207/161630.340:ERROR:process_reader_win.cc(123)] NtOpenThread: {Access Denied} A process has requested access to an object, but has not been granted those access rights. (0xc0000022)
[1207/161630.340:ERROR:exception_snapshot_win.cc(99)] thread ID 8036 not found in process
[1208/161543.227:ERROR:process_reader_win.cc(151)] SuspendThread: Access is denied. (0x5)
[1208/161543.228:ERROR:process_reader_win.cc(151)] SuspendThread: Access is denied. (0x5)
[1208/161543.228:ERROR:process_reader_win.cc(123)] NtOpenThread: {Access Denied} A process has requested access to an object, but has not been granted those access rights. (0xc0000022)
[1208/161543.228:ERROR:exception_snapshot_win.cc(99)] thread ID 9616 not found in process
[1208/161543.250:ERROR:process_reader_win.cc(123)] NtOpenThread: {Access Denied} A process has requested access to an object, but has not been granted those access rights. (0xc0000022)
[1208/161543.250:ERROR:exception_snapshot_win.cc(99)] thread ID 11196 not found in process
[1213/161856.414:ERROR:process_reader_win.cc(151)] SuspendThread: Access is denied. (0x5)
[1214/161543.803:ERROR:process_reader_win.cc(123)] NtOpenThread: {Access Denied} A process has requested access to an object, but has not been granted those access rights. (0xc0000022)
[1214/161543.803:ERROR:exception_snapshot_win.cc(99)] thread ID 9976 not found in process
[1214/161543.819:ERROR:process_reader_win.cc(123)] NtOpenThread: {Access Denied} A process has requested access to an object, but has not been granted those access rights. (0xc0000022)
[1214/161543.819:ERROR:exception_snapshot_win.cc(99)] thread ID 1736 not found in process
[1215/161724.968:ERROR:process_reader_win.cc(123)] NtOpenThread: {Access Denied} A process has requested access to an object, but has not been granted those access rights. (0xc0000022)
[1215/161724.968:ERROR:exception_snapshot_win.cc(99)] thread ID 10704 not found in process
[1215/161724.968:ERROR:process_reader_win.cc(123)] NtOpenThread: {Access Denied} A process has requested access to an object, but has not been granted those access rights. (0xc0000022)
[1215/161724.968:ERROR:exception_snapshot_win.cc(99)] thread ID 7572 not found in process
[1215/161725.098:ERROR:process_reader_win.cc(123)] NtOpenThread: {Access Denied} A process has requested access to an object, but has not been granted those access rights. (0xc0000022)
[1215/161725.098:ERROR:exception_snapshot_win.cc(99)] thread ID 1424 not found in process
[1217/161840.313:ERROR:process_reader_win.cc(123)] NtOpenThread: {Access Denied} A process has requested access to an object, but has not been granted those access rights. (0xc0000022)
[1217/161840.313:ERROR:exception_snapshot_win.cc(99)] thread ID 5404 not found in process
[1217/161840.344:ERROR:process_reader_win.cc(123)] NtOpenThread: {Access Denied} A process has requested access to an object, but has not been granted those access rights. (0xc0000022)
[1217/161840.344:ERROR:exception_snapshot_win.cc(99)] thread ID 11384 not found in process
[1220/161907.518:ERROR:process_reader_win.cc(151)] SuspendThread: Access is denied. (0x5)
[1220/161907.520:ERROR:process_reader_win.cc(151)] SuspendThread: Access is denied. (0x5)
[1220/161907.520:ERROR:process_reader_win.cc(123)] NtOpenThread: {Access Denied} A process has requested access to an object, but has not been granted those access rights. (0xc0000022)
[1220/161907.520:ERROR:exception_snapshot_win.cc(99)] thread ID 9008 not found in process
[1220/161907.544:ERROR:process_reader_win.cc(123)] NtOpenThread: {Access Denied} A process has requested access to an object, but has not been granted those access rights. (0xc0000022)
[1220/161907.545:ERROR:exception_snapshot_win.cc(99)] thread ID 12384 not found in process
[1221/161846.498:ERROR:process_reader_win.cc(123)] NtOpenThread: {Access Denied} A process has requested access to an object, but has not been granted those access rights. (0xc0000022)
[1221/161846.499:ERROR:exception_snapshot_win.cc(99)] thread ID 8416 not found in process
[1221/161846.527:ERROR:process_reader_win.cc(123)] NtOpenThread: {Access Denied} A process has requested access to an object, but has not been granted those access rights. (0xc0000022)
[1221/161846.527:ERROR:exception_snapshot_win.cc(99)] thread ID 1316 not found in process
[1222/161850.601:ERROR:process_reader_win.cc(123)] NtOpenThread: {Access Denied} A process has requested access to an object, but has not been granted those access rights. (0xc0000022)
[1222/161850.603:ERROR:exception_snapshot_win.cc(99)] thread ID 11684 not found in process
[1222/161850.624:ERROR:process_reader_win.cc(123)] NtOpenThread: {Access Denied} A process has requested access to an object, but has not been granted those access rights. (0xc0000022)
[1222/161850.624:ERROR:exception_snapshot_win.cc(99)] thread ID 3640 not found in process
[1223/161919.530:ERROR:process_reader_win.cc(151)] SuspendThread: Access is denied. (0x5)
[1223/161919.531:ERROR:process_reader_win.cc(151)] SuspendThread: Access is denied. (0x5)
[1223/161919.531:ERROR:process_reader_win.cc(123)] NtOpenThread: {Access Denied} A process has requested access to an object, but has not been granted those access rights. (0xc0000022)
[1223/161919.532:ERROR:exception_snapshot_win.cc(99)] thread ID 8344 not found in process
[1223/161919.558:ERROR:process_reader_win.cc(123)] NtOpenThread: {Access Denied} A process has requested access to an object, but has not been granted those access rights. (0xc0000022)
[1223/161919.558:ERROR:exception_snapshot_win.cc(99)] thread ID 13496 not found in process
[1224/161849.560:ERROR:process_reader_win.cc(123)] NtOpenThread: {Access Denied} A process has requested access to an object, but has not been granted those access rights. (0xc0000022)
[1224/161849.561:ERROR:exception_snapshot_win.cc(99)] thread ID 2284 not found in process
[1224/161849.583:ERROR:process_reader_win.cc(123)] NtOpenThread: {Access Denied} A process has requested access to an object, but has not been granted those access rights. (0xc0000022)
[1224/161849.583:ERROR:exception_snapshot_win.cc(99)] thread ID 10588 not found in process
[1229/161932.769:ERROR:process_reader_win.cc(151)] SuspendThread: Access is denied. (0x5)
[1229/161932.787:ERROR:process_reader_win.cc(123)] NtOpenThread: {Access Denied} A process has requested access to an object, but has not been granted those access rights. (0xc0000022)
[1229/161932.792:ERROR:exception_snapshot_win.cc(99)] thread ID 6728 not found in process
[1229/161932.792:ERROR:process_reader_win.cc(151)] SuspendThread: Access is denied. (0x5)
[1229/161932.792:ERROR:process_reader_win.cc(123)] NtOpenThread: {Access Denied} A process has requested access to an object, but has not been granted those access rights. (0xc0000022)
[1229/161932.792:ERROR:exception_snapshot_win.cc(99)] thread ID 2596 not found in process
[1230/161833.901:ERROR:process_reader_win.cc(151)] SuspendThread: Access is denied. (0x5)
[1230/161833.902:ERROR:process_reader_win.cc(123)] NtOpenThread: {Access Denied} A process has requested access to an object, but has not been granted those access rights. (0xc0000022)
[1230/161833.903:ERROR:exception_snapshot_win.cc(99)] thread ID 10656 not found in process
[1230/161833.926:ERROR:process_reader_win.cc(151)] SuspendThread: Access is denied. (0x5)
[1230/161833.926:ERROR:process_reader_win.cc(151)] SuspendThread: Access is denied. (0x5)
[1230/161833.926:ERROR:process_reader_win.cc(151)] SuspendThread: Access is denied. (0x5)
[1230/161833.926:ERROR:process_reader_win.cc(151)] SuspendThread: Access is denied. (0x5)
[1230/161833.926:ERROR:process_reader_win.cc(151)] SuspendThread: Access is denied. (0x5)
[1230/161833.926:ERROR:process_reader_win.cc(123)] NtOpenThread: {Access Denied} A process has requested access to an object, but has not been granted those access rights. (0xc0000022)
[1230/161833.926:ERROR:exception_snapshot_win.cc(99)] thread ID 10920 not found in process
[0101/161830.841:ERROR:process_reader_win.cc(123)] NtOpenThread: {Access Denied} A process has requested access to an object, but has not been granted those access rights. (0xc0000022)
[0101/161830.842:ERROR:exception_snapshot_win.cc(99)] thread ID 12064 not found in process
[0101/161830.865:ERROR:process_reader_win.cc(123)] NtOpenThread: {Access Denied} A process has requested access to an object, but has not been granted those access rights. (0xc0000022)
[0101/161830.865:ERROR:exception_snapshot_win.cc(99)] thread ID 10016 not found in process
[0103/162032.482:ERROR:process_reader_win.cc(151)] SuspendThread: Access is denied. (0x5)
[0103/162032.483:ERROR:process_reader_win.cc(123)] NtOpenThread: {Access Denied} A process has requested access to an object, but has not been granted those access rights. (0xc0000022)
[0103/162032.483:ERROR:exception_snapshot_win.cc(99)] thread ID 12484 not found in process
[0104/161918.826:ERROR:process_reader_win.cc(151)] SuspendThread: Access is denied. (0x5)
[0104/161918.827:ERROR:process_reader_win.cc(151)] SuspendThread: Access is denied. (0x5)
[0104/161918.827:ERROR:process_reader_win.cc(123)] NtOpenThread: {Access Denied} A process has requested access to an object, but has not been granted those access rights. (0xc0000022)
[0104/161918.827:ERROR:exception_snapshot_win.cc(99)] thread ID 5416 not found in process
[0104/161918.847:ERROR:process_reader_win.cc(151)] SuspendThread: Access is denied. (0x5)
[0104/161918.847:ERROR:process_reader_win.cc(151)] SuspendThread: Access is denied. (0x5)
[0104/161918.847:ERROR:process_reader_win.cc(151)] SuspendThread: Access is denied. (0x5)
[0104/161918.848:ERROR:process_reader_win.cc(151)] SuspendThread: Access is denied. (0x5)
[0104/161918.848:ERROR:process_reader_win.cc(151)] SuspendThread: Access is denied. (0x5)
[0104/161918.848:ERROR:process_reader_win.cc(151)] SuspendThread: Access is denied. (0x5)
[0104/161918.848:ERROR:process_reader_win.cc(123)] NtOpenThread: {Access Denied} A process has requested access to an object, but has not been granted those access rights. (0xc0000022)
[0104/161918.848:ERROR:exception_snapshot_win.cc(99)] thread ID 4984 not found in process
[0105/161837.783:ERROR:process_reader_win.cc(123)] NtOpenThread: {Access Denied} A process has requested access to an object, but has not been granted those access rights. (0xc0000022)
[0105/161837.783:ERROR:exception_snapshot_win.cc(99)] thread ID 14468 not found in process
[0105/161837.814:ERROR:process_reader_win.cc(123)] NtOpenThread: {Access Denied} A process has requested access to an object, but has not been granted those access rights. (0xc0000022)
[0105/161837.815:ERROR:exception_snapshot_win.cc(99)] thread ID 10448 not found in process
[0109/161553.171:ERROR:process_reader_win.cc(123)] NtOpenThread: {Access Denied} A process has requested access to an object, but has not been granted those access rights. (0xc0000022)
[0109/161553.171:ERROR:exception_snapshot_win.cc(99)] thread ID 13184 not found in process
[0109/161553.187:ERROR:process_reader_win.cc(123)] NtOpenThread: {Access Denied} A process has requested access to an object, but has not been granted those access rights. (0xc0000022)
[0109/161553.187:ERROR:exception_snapshot_win.cc(99)] thread ID 1652 not found in process
[0111/161554.250:ERROR:process_reader_win.cc(151)] SuspendThread: Access is denied. (0x5)
[0111/161554.271:ERROR:process_reader_win.cc(123)] NtOpenThread: {Access Denied} A process has requested access to an object, but has not been granted those access rights. (0xc0000022)
[0111/161554.293:ERROR:exception_snapshot_win.cc(99)] thread ID 5400 not found in process
[0111/161554.293:ERROR:process_reader_win.cc(123)] NtOpenThread: An invalid Client ID was specified. (0xc000000b)
[0111/161554.293:ERROR:process_reader_win.cc(123)] NtOpenThread: An invalid Client ID was specified. (0xc000000b)
[0111/161554.293:ERROR:exception_snapshot_win.cc(99)] thread ID 1872 not found in process
[0111/161554.294:ERROR:scoped_process_suspend.cc(40)] NtResumeProcess: An attempt was made to access an exiting process. (0xc000010a)
[0111/185418.647:ERROR:process_reader_win.cc(151)] SuspendThread: Access is denied. (0x5)
[0111/185418.648:ERROR:process_reader_win.cc(151)] SuspendThread: Access is denied. (0x5)
[0111/185418.648:ERROR:process_reader_win.cc(123)] NtOpenThread: {Access Denied} A process has requested access to an object, but has not been granted those access rights. (0xc0000022)
[0111/185418.649:ERROR:exception_snapshot_win.cc(99)] thread ID 6912 not found in process
[0111/185418.687:ERROR:process_reader_win.cc(151)] SuspendThread: Access is denied. (0x5)
[0111/185418.687:ERROR:process_reader_win.cc(151)] SuspendThread: Access is denied. (0x5)
[0111/185418.687:ERROR:process_reader_win.cc(151)] SuspendThread: Access is denied. (0x5)
[0111/185418.687:ERROR:process_reader_win.cc(123)] NtOpenThread: {Access Denied} A process has requested access to an object, but has not been granted those access rights. (0xc0000022)
[0111/185418.687:ERROR:exception_snapshot_win.cc(99)] thread ID 9808 not found in process
[0112/161840.384:ERROR:process_reader_win.cc(123)] NtOpenThread: {Access Denied} A process has requested access to an object, but has not been granted those access rights. (0xc0000022)
[0112/161840.385:ERROR:exception_snapshot_win.cc(99)] thread ID 4068 not found in process
[0112/161840.408:ERROR:process_reader_win.cc(123)] NtOpenThread: {Access Denied} A process has requested access to an object, but has not been granted those access rights. (0xc0000022)
[0112/161840.408:ERROR:exception_snapshot_win.cc(99)] thread ID 6128 not found in process
[0114/162133.523:ERROR:process_reader_win.cc(123)] NtOpenThread: {Access Denied} A process has requested access to an object, but has not been granted those access rights. (0xc0000022)
[0114/162133.534:ERROR:exception_snapshot_win.cc(99)] thread ID 9300 not found in process
[0114/162133.541:ERROR:process_reader_win.cc(123)] NtOpenThread: {Access Denied} A process has requested access to an object, but has not been granted those access rights. (0xc0000022)
[0114/162133.541:ERROR:exception_snapshot_win.cc(99)] thread ID 2936 not found in process
[0115/161844.210:ERROR:process_reader_win.cc(151)] SuspendThread: Access is denied. (0x5)
[0115/161844.211:ERROR:process_reader_win.cc(151)] SuspendThread: Access is denied. (0x5)
[0115/161844.211:ERROR:process_reader_win.cc(123)] NtOpenThread: {Access Denied} A process has requested access to an object, but has not been granted those access rights. (0xc0000022)
[0115/161844.212:ERROR:exception_snapshot_win.cc(99)] thread ID 2800 not found in process
[0116/161845.548:ERROR:process_reader_win.cc(151)] SuspendThread: Access is denied. (0x5)
[0116/161845.549:ERROR:process_reader_win.cc(151)] SuspendThread: Access is denied. (0x5)
[0116/161845.549:ERROR:process_reader_win.cc(123)] NtOpenThread: {Access Denied} A process has requested access to an object, but has not been granted those access rights. (0xc0000022)
[0116/161845.549:ERROR:exception_snapshot_win.cc(99)] thread ID 12212 not found in process
[0116/161845.569:ERROR:process_reader_win.cc(123)] NtOpenThread: {Access Denied} A process has requested access to an object, but has not been granted those access rights. (0xc0000022)
[0116/161845.569:ERROR:exception_snapshot_win.cc(99)] thread ID 11796 not found in process
[0118/161845.150:ERROR:process_reader_win.cc(123)] NtOpenThread: {Access Denied} A process has requested access to an object, but has not been granted those access rights. (0xc0000022)
[0118/161845.152:ERROR:exception_snapshot_win.cc(99)] thread ID 11712 not found in process
[0118/161845.172:ERROR:process_reader_win.cc(123)] NtOpenThread: {Access Denied} A process has requested access to an object, but has not been granted those access rights. (0xc0000022)
[0118/161845.172:ERROR:exception_snapshot_win.cc(99)] thread ID 12056 not found in process
[0119/161836.203:ERROR:process_reader_win.cc(151)] SuspendThread: Access is denied. (0x5)
[0119/161836.204:ERROR:process_reader_win.cc(123)] NtOpenThread: {Access Denied} A process has requested access to an object, but has not been granted those access rights. (0xc0000022)
[0119/161836.205:ERROR:exception_snapshot_win.cc(99)] thread ID 5092 not found in process
[0119/161836.228:ERROR:process_reader_win.cc(151)] SuspendThread: Access is denied. (0x5)
[0119/161836.229:ERROR:process_reader_win.cc(151)] SuspendThread: Access is denied. (0x5)
[0119/161836.229:ERROR:process_reader_win.cc(151)] SuspendThread: Access is denied. (0x5)
[0119/161836.229:ERROR:process_reader_win.cc(151)] SuspendThread: Access is denied. (0x5)
[0119/161836.229:ERROR:process_reader_win.cc(123)] NtOpenThread: {Access Denied} A process has requested access to an object, but has not been granted those access rights. (0xc0000022)
[0119/161836.229:ERROR:exception_snapshot_win.cc(99)] thread ID 13712 not found in process
[0120/161833.580:ERROR:process_reader_win.cc(151)] SuspendThread: Access is denied. (0x5)
[0120/161833.581:ERROR:process_reader_win.cc(151)] SuspendThread: Access is denied. (0x5)
[0120/161833.581:ERROR:process_reader_win.cc(123)] NtOpenThread: {Access Denied} A process has requested access to an object, but has not been granted those access rights. (0xc0000022)
[0120/161833.582:ERROR:exception_snapshot_win.cc(99)] thread ID 5448 not found in process
[0120/161833.597:ERROR:process_reader_win.cc(151)] SuspendThread: Access is denied. (0x5)
[0120/161833.597:ERROR:process_reader_win.cc(151)] SuspendThread: Access is denied. (0x5)
[0120/161833.597:ERROR:process_reader_win.cc(151)] SuspendThread: Access is denied. (0x5)
[0120/161833.597:ERROR:process_reader_win.cc(151)] SuspendThread: Access is denied. (0x5)
[0120/161833.597:ERROR:process_reader_win.cc(151)] SuspendThread: Access is denied. (0x5)
[0120/161833.597:ERROR:process_reader_win.cc(151)] SuspendThread: Access is denied. (0x5)
[0120/161833.597:ERROR:process_reader_win.cc(123)] NtOpenThread: {Access Denied} A process has requested access to an object, but has not been granted those access rights. (0xc0000022)
[0120/161833.597:ERROR:exception_snapshot_win.cc(99)] thread ID 14548 not found in process
[0121/161842.323:ERROR:process_reader_win.cc(123)] NtOpenThread: {Access Denied} A process has requested access to an object, but has not been granted those access rights. (0xc0000022)
[0121/161842.324:ERROR:exception_snapshot_win.cc(99)] thread ID 1680 not found in process
[0121/161842.344:ERROR:process_reader_win.cc(123)] NtOpenThread: {Access Denied} A process has requested access to an object, but has not been granted those access rights. (0xc0000022)
[0121/161842.344:ERROR:exception_snapshot_win.cc(99)] thread ID 1376 not found in process
[0124/161847.822:ERROR:process_reader_win.cc(151)] SuspendThread: Access is denied. (0x5)
[0124/161847.823:ERROR:process_reader_win.cc(123)] NtOpenThread: {Access Denied} A process has requested access to an object, but has not been granted those access rights. (0xc0000022)
[0124/161847.823:ERROR:exception_snapshot_win.cc(99)] thread ID 13380 not found in process
[0124/161847.846:ERROR:process_reader_win.cc(123)] NtOpenThread: {Access Denied} A process has requested access to an object, but has not been granted those access rights. (0xc0000022)
[0124/161847.846:ERROR:exception_snapshot_win.cc(99)] thread ID 16300 not found in process
[0126/161905.250:ERROR:process_reader_win.cc(151)] SuspendThread: Access is denied. (0x5)
[0126/161905.251:ERROR:process_reader_win.cc(151)] SuspendThread: Access is denied. (0x5)
[0126/161905.251:ERROR:process_reader_win.cc(123)] NtOpenThread: {Access Denied} A process has requested access to an object, but has not been granted those access rights. (0xc0000022)
[0126/161905.251:ERROR:exception_snapshot_win.cc(99)] thread ID 10160 not found in process
[0126/161905.281:ERROR:process_reader_win.cc(123)] NtOpenThread: {Access Denied} A process has requested access to an object, but has not been granted those access rights. (0xc0000022)
[0126/161905.281:ERROR:exception_snapshot_win.cc(99)] thread ID 13456 not found in process
[0127/013752.051:ERROR:directory_reader_win.cc(43)] FindFirstFile: The system cannot find the path specified. (0x3)
